"../../../../../../Gamedev/GitHub/Semester4_Game/Content/Widgets/MainMenu.uasset" 0
"../../../Engine/Content/Functions/Engine_MaterialFunctions01/Opacity/CameraDepthFade.uasset" 1
"../../../Engine/Content/EngineMaterials/T_Default_Material_Grid_M.uasset" 2
"../../../Engine/Content/EngineMaterials/T_Default_Material_Grid_N.uasset" 3
"../../../Engine/Content/EngineMaterials/WorldGridMaterial.uasset" 4
"../../../Engine/Content/ArtTools/RenderToTexture/Meshes/S_1_Unit_Plane.uasset" 5
"../../../Engine/Content/EngineMaterials/DefaultMaterial.uasset" 6
"../../../Engine/Content/BasicShapes/Cone.uasset" 7
"../../../Engine/Content/BasicShapes/Cube.uasset" 8
"../../../Engine/Content/BasicShapes/Cylinder.uasset" 9
"../../../Engine/Content/BasicShapes/Plane.uasset" 10
"../../../Engine/Content/EditorLandscapeResources/DataLayer.uasset" 11
"../../../Engine/Content/EditorMaterials/GizmoMaterial.uasset" 12
"../../../Engine/Content/EditorMaterials/MAT_Groups_Toggle.uasset" 13
"../../../Engine/Content/EditorMaterials/MAT_Groups_Visibility.uasset" 14
"../../../Engine/Content/EditorMaterials/PreviewShadowIndicator.uasset" 15
"../../../Engine/Content/EditorMaterials/PreviewShadowIndicatorMaterial.uasset" 16
"../../../Engine/Content/EditorMaterials/MatineeGroups/MAT_ColorTrack.uasset" 17
"../../../Engine/Content/EditorMaterials/MatineeGroups/MAT_Groups_Anim.uasset" 18
"../../../Engine/Content/EditorMaterials/MatineeGroups/MAT_Groups_AudioMaster.uasset" 19
"../../../Engine/Content/EditorMaterials/MatineeGroups/MAT_Groups_Director.uasset" 20
"../../../Engine/Content/EditorMaterials/MatineeGroups/MAT_Groups_Event.uasset" 21
"../../../Engine/Content/EditorMaterials/MatineeGroups/MAT_Groups_Fade.uasset" 22
"../../../Engine/Content/EditorMaterials/MatineeGroups/MAT_Groups_Float.uasset" 23
"../../../Engine/Content/EditorMaterials/MatineeGroups/MAT_Groups_Move.uasset" 24
"../../../Engine/Content/EditorMaterials/MatineeGroups/MAT_Groups_Slomo.uasset" 25
"../../../Engine/Content/EditorMaterials/MatineeGroups/MAT_Groups_Sound.uasset" 26
"../../../Engine/Content/EditorMaterials/MatineeGroups/MAT_Groups_Vector.uasset" 27
"../../../Engine/Content/EditorMaterials/ParticleSystems/PSysThumbnail_NoImage.uasset" 28
"../../../Engine/Content/EditorMaterials/ParticleSystems/PSysThumbnail_OOD.uasset" 29
"../../../Engine/Content/EditorMaterials/Camera/CineMat.uasset" 30
"../../../Engine/Content/EditorMaterials/Camera/MI_CineMat_Rig.uasset" 31
"../../../Engine/Content/EditorMeshes/Camera/SM_CraneRig_Arm.uasset" 32
"../../../Engine/Content/EditorMeshes/Camera/SM_CraneRig_Base.uasset" 33
"../../../Engine/Content/EditorMeshes/Camera/SM_CraneRig_Body.uasset" 34
"../../../Engine/Content/EditorMeshes/Camera/SM_CraneRig_Mount.uasset" 35
"../../../Engine/Content/EditorMeshes/Camera/SM_RailRig_Mount.uasset" 36
"../../../Engine/Content/EditorMeshes/Camera/SM_RailRig_Track.uasset" 37
"../../../Engine/Content/EditorResources/BSPVertex.uasset" 38
"../../../Engine/Content/EditorResources/EmptyActor.uasset" 39
"../../../Engine/Content/EditorResources/S_Actor.uasset" 40
"../../../Engine/Content/EditorResources/S_Trigger.uasset" 41
"../../../Engine/Content/EditorResources/SequenceRecorder/Countdown.uasset" 42
"../../../Engine/Content/EditorResources/SequenceRecorder/RecordingIndicator.uasset" 43
"../../../Engine/Content/EditorSounds/Notifications/CompileFailed.uasset" 44
"../../../Engine/Content/EditorSounds/Notifications/CompileFailed_Cue.uasset" 45
"../../../Engine/Content/EditorSounds/Notifications/CompileSuccess.uasset" 46
"../../../Engine/Content/EditorSounds/Notifications/CompileStart_Cue.uasset" 47
"../../../Engine/Content/EditorSounds/Notifications/CompileSuccess_Cue.uasset" 48
"../../../Engine/Content/EngineDamageTypes/DmgTypeBP_Environmental.uasset" 49
"../../../Engine/Content/EngineDebugMaterials/HeatmapGradient.uasset" 50
"../../../Engine/Content/EngineDebugMaterials/BoneWeightMaterial.uasset" 51
"../../../Engine/Content/EngineDebugMaterials/ClothMaterial.uasset" 52
"../../../Engine/Content/EngineDebugMaterials/ClothMaterial_WF.uasset" 53
"../../../Engine/Content/EngineDebugMaterials/DebugEditorMaterial.uasset" 54
"../../../Engine/Content/EngineDebugMaterials/DebugMeshMaterial.uasset" 55
"../../../Engine/Content/EngineDebugMaterials/GeomMaterial.uasset" 56
"../../../Engine/Content/EngineDebugMaterials/M_SimpleTranslucent.uasset" 57
"../../../Engine/Content/EngineFonts/Faces/RobotoBold.uasset" 58
"../../../Engine/Content/EngineFonts/Faces/RobotoBoldItalic.uasset" 59
"../../../Engine/Content/EngineFonts/Faces/RobotoItalic.uasset" 60
"../../../Engine/Content/EngineFonts/Faces/RobotoLight.uasset" 61
"../../../Engine/Content/EngineFonts/Faces/RobotoRegular.uasset" 62
"../../../Engine/Content/EngineFonts/Roboto.uasset" 63
"../../../Engine/Content/EngineFonts/Faces/RobotoTiny.uasset" 64
"../../../Engine/Content/EngineFonts/RobotoTiny.uasset" 65
"../../../Engine/Content/EngineMaterials/BaseFlattenDiffuseMap.uasset" 66
"../../../Engine/Content/EngineMaterials/BaseFlattenEmissiveMap.uasset" 67
"../../../Engine/Content/EngineMaterials/BaseFlattenGrayscaleMap.uasset" 68
"../../../Engine/Content/EngineMaterials/BaseFlattenNormalMap.uasset" 69
"../../../Engine/Content/EngineMaterials/BaseFlattenMaterial.uasset" 70
"../../../Engine/Content/EngineMaterials/DefaultBloomKernel.uasset" 71
"../../../Engine/Content/EngineMaterials/DefaultBokeh.uasset" 72
"../../../Engine/Content/EngineMaterials/DefaultDiffuse.uasset" 73
"../../../Engine/Content/EngineMaterials/DefaultDeferredDecalMaterial.uasset" 74
"../../../Engine/Content/EngineMaterials/DefaultLightFunctionMaterial.uasset" 75
"../../../Engine/Content/Functions/Engine_MaterialFunctions02/Utility/BreakOutFloat2Components.uasset" 76
"../../../Engine/Content/EngineMaterials/DefaultPostProcessMaterial.uasset" 77
"../../../Engine/Content/EngineFonts/RobotoDistanceField.uasset" 78
"../../../Engine/Content/EngineMaterials/DefaultTextMaterialOpaque.uasset" 79
"../../../Engine/Content/EngineMaterials/DefaultWhiteGrid.uasset" 80
"../../../Engine/Content/EngineMaterials/EditorBrushMaterial.uasset" 81
"../../../Engine/Content/EngineMaterials/MiniFont.uasset" 82
"../../../Engine/Content/EngineMaterials/InvalidLightmapSettings.uasset" 83
"../../../Engine/Content/EngineMaterials/M_InvalidLightmapSettings.uasset" 84
"../../../Engine/Content/Functions/Engine_MaterialFunctions02/WorldPositionOffset/CameraOffset.uasset" 85
"../../../Engine/Content/EngineMaterials/PhAT_JointLimitMaterial.uasset" 86
"../../../Engine/Content/EngineMaterials/PreintegratedSkinBRDF.uasset" 87
"../../../Engine/Content/EngineMaterials/RemoveSurfaceMaterial.uasset" 88
"../../../Engine/Content/EngineMaterials/WeightMapPlaceholderTexture.uasset" 89
"../../../Engine/Content/EngineResources/WhiteSquareTexture.uasset" 90
"../../../Engine/Content/EngineMaterials/Widget3DPassThrough.uasset" 91
"../../../Engine/Content/EngineMaterials/Widget3DPassThrough_Masked.uasset" 92
"../../../Engine/Content/EngineMaterials/Widget3DPassThrough_Opaque.uasset" 93
"../../../Engine/Content/EngineMaterials/Widget3DPassThrough_Masked_OneSided.uasset" 94
"../../../Engine/Content/EngineMaterials/Widget3DPassThrough_Opaque_OneSided.uasset" 95
"../../../Engine/Content/EngineMaterials/Widget3DPassThrough_Translucent.uasset" 96
"../../../Engine/Content/EngineMaterials/Widget3DPassThrough_Translucent_OneSided.uasset" 97
"../../../Engine/Content/EngineMeshes/Cylinder.uasset" 98
"../../../Engine/Content/EngineMeshes/Sphere.uasset" 99
"../../../Engine/Content/EngineResources/Black.uasset" 100
"../../../Engine/Content/EngineResources/DefaultTexture.uasset" 101
"../../../Engine/Content/EngineResources/DefaultTextureCube.uasset" 102
"../../../Engine/Content/EngineResources/DefaultVolumeTexture2D.uasset" 103
"../../../Engine/Content/EngineResources/DefaultVolumeTexture.uasset" 104
"../../../Engine/Content/EngineResources/GradientTexture0.uasset" 105
"../../../Engine/Content/EngineSounds/Master.uasset" 106
"../../../Engine/Content/Functions/Engine_MaterialFunctions01/Shading/ConvertFromDiffSpec.uasset" 107
"../../../Engine/Content/Functions/Engine_MaterialFunctions01/Shading/PowerToRoughness.uasset" 108
"../../../Engine/Content/Maps/Templates/Thumbnails/Default.uasset" 109
"../../../Engine/Content/Maps/Templates/Thumbnails/VR-Basic.uasset" 110
"../../../Engine/Content/MobileResources/T_MobileControls_texture.uasset" 111
"../../../Engine/Content/MobileResources/T_MobileMenu2.uasset" 112
"../../../Engine/Content/MobileResources/HUD/AnalogHat.uasset" 113
"../../../Engine/Content/MobileResources/HUD/VirtualJoystick_Background.uasset" 114
"../../../Engine/Content/MobileResources/HUD/VirtualJoystick_Thumb.uasset" 115
"../../../Engine/Content/MobileResources/HUD/DefaultVirtualJoysticks.uasset" 116
"../../../Engine/Content/MobileResources/HUD/LeftVirtualJoystickOnly.uasset" 117
"../../../Engine/Content/MobileResources/HUD/MobileHUDButton1_off.uasset" 118
"../../../Engine/Content/MobileResources/HUD/MobileHUDButton1_on.uasset" 119
"../../../Engine/Content/MobileResources/HUD/MobileHUDButton2_off.uasset" 120
"../../../Engine/Content/MobileResources/HUD/MobileHUDButton2_on.uasset" 121
"../../../Engine/Content/MobileResources/HUD/MobileHUDButton3.uasset" 122
"../../../Engine/Content/MobileResources/HUD/MobileHUDButtonFire.uasset" 123
"../../../Engine/Content/MobileResources/HUD/MobileHUDDirectionPad.uasset" 124
"../../../Engine/Content/MobileResources/HUD/MobileHUDDirectionPad2.uasset" 125
"../../../Engine/Content/MobileResources/HUD/MobileHUDDirectionPad3.uasset" 126
"../../../Engine/Content/MobileResources/HUD/MobileHUDDirectionStick.uasset" 127
"../../../Engine/Content/MobileResources/HUD/T_Castle_ThumbstickInner.uasset" 128
"../../../Engine/Content/MobileResources/HUD/T_Castle_ThumbstickOutter.uasset" 129
"../../../Engine/Content/Tutorial/ContentIntroCurve.uasset" 130
"../../../Engine/Content/Tutorial/Basics/TutorialAssets/icon_tab_Levels_40x.uasset" 131
"../../../Engine/Content/VREditor/LaserPointer/VR_LaserPower_01.uasset" 132
"../../../Engine/Content/VREditor/TransformGizmo/TransformGizmoMaterial.uasset" 133
"../../../Engine/Content/VREditor/TransformGizmo/TranslucentTransformGizmoMaterial.uasset" 134
"../../../Engine/Content/VREditor/TransformGizmo/BoundingBoxCorner.uasset" 135
"../../../Engine/Content/VREditor/TransformGizmo/BoundingBoxEdge.uasset" 136
"../../../Engine/Content/VREditor/TransformGizmo/PlaneTranslationHandle.uasset" 137
"../../../Engine/Content/VREditor/TransformGizmo/Main.uasset" 138
"../../../Engine/Content/VREditor/TransformGizmo/Xray.uasset" 139
"../../../Engine/Content/VREditor/TransformGizmo/SM_Sequencer_Key.uasset" 140
"../../../Engine/Content/VREditor/TransformGizmo/SM_Sequencer_Node.uasset" 141
"../../Plugins/2D/Paper2D/Content/PlaceholderTextures/DummySpriteTexture.uasset" 142
"../../Plugins/2D/Paper2D/Content/DummySprite.uasset" 143
"../../Plugins/2D/Paper2D/Content/DefaultPaperTerrainMaterial.uasset" 144
"../../Plugins/2D/Paper2D/Content/DefaultSpriteMaterial.uasset" 145
"../../Plugins/2D/Paper2D/Content/MaskedUnlitSpriteMaterial.uasset" 146
"../../Plugins/2D/Paper2D/Content/OpaqueUnlitSpriteMaterial.uasset" 147
"../../Plugins/Runtime/Oculus/OculusVR/Content/Materials/PokeAHoleMaterial.uasset" 148
"../../Plugins/Runtime/Oculus/OculusVR/Content/Textures/GearVRController_AO.uasset" 149
"../../Plugins/Runtime/Oculus/OculusVR/Content/Textures/GearVRController_Color.uasset" 150
"../../Plugins/Runtime/Oculus/OculusVR/Content/Textures/GearVRController_Normal.uasset" 151
"../../Plugins/Runtime/Oculus/OculusVR/Content/Materials/GearVRControllerMaterial.uasset" 152
"../../Plugins/Runtime/Oculus/OculusVR/Content/Meshes/GearVrController.uasset" 153
"../../Plugins/Runtime/Oculus/OculusVR/Content/Textures/touchController_albedo.uasset" 154
"../../Plugins/Runtime/Oculus/OculusVR/Content/Textures/touchController_controlmap.uasset" 155
"../../Plugins/Runtime/Oculus/OculusVR/Content/Materials/touchController_mat.uasset" 156
"../../Plugins/Runtime/Oculus/OculusVR/Content/Meshes/LeftTouchController.uasset" 157
"../../Plugins/Runtime/Oculus/OculusVR/Content/Meshes/RiftHMD.uasset" 158
"../../Plugins/Runtime/Oculus/OculusVR/Content/Meshes/RightTouchController.uasset" 159
"../../../../../../Gamedev/GitHub/Semester4_Game/Content/Characters/Idle_Skeleton.uasset" 160
"../../../../../../Gamedev/GitHub/Semester4_Game/Content/Characters/Animation/Idle__1_.uasset" 161
"../../../../../../Gamedev/GitHub/Semester4_Game/Content/Characters/Animation/Standing_Melee_Attack_Horizontal.uasset" 162
"../../../../../../Gamedev/GitHub/Semester4_Game/Content/Characters/Animation/Jog_Forward.uasset" 163
"../../../../../../Gamedev/GitHub/Semester4_Game/Content/Characters/character_BS.uasset" 164
"../../../../../../Gamedev/GitHub/Semester4_Game/Content/Characters/Character_Animation_BP.uasset" 165
"../../../Engine/Content/EditorBlueprintResources/StandardMacros.uasset" 166
"../../../../../../Gamedev/GitHub/Semester4_Game/Content/StarterContent/Textures/T_MacroVariation.uasset" 167
"../../../../../../Gamedev/GitHub/Semester4_Game/Content/StarterContent/Textures/T_Metal_Gold_D.uasset" 168
"../../../../../../Gamedev/GitHub/Semester4_Game/Content/StarterContent/Textures/T_Metal_Gold_N.uasset" 169
"../../../../../../Gamedev/GitHub/Semester4_Game/Content/StarterContent/Materials/M_Metal_Gold.uasset" 170
"../../../Engine/Content/BasicShapes/Sphere.uasset" 171
"../../../../../../Gamedev/GitHub/Semester4_Game/Content/Characters/CameraPawn.uasset" 172
"../../../../../../Gamedev/GitHub/Semester4_Game/Content/Blueprint/MyController.uasset" 173
"../../../Engine/Content/Functions/Engine_MaterialFunctions01/Density/ExponentialDensity.uasset" 174
"../../../Engine/Content/Functions/Engine_MaterialFunctions01/Gradient/RadialGradientExponential.uasset" 175
"../../../../../../Gamedev/GitHub/Semester4_Game/Content/Skill/Skill1/MAT/Shoot.uasset" 176
"../../../../../../Gamedev/GitHub/Semester4_Game/Content/Skill/Skill1/Partical/Bullet.uasset" 177
"../../../../../../Gamedev/GitHub/Semester4_Game/Content/Skill/Skill1/BP/BulletParcitalBP.uasset" 178
"../../../../../../Gamedev/GitHub/Semester4_Game/Content/Characters/MainCharacter_BP_Enemy.uasset" 179
"../../../../../../Gamedev/GitHub/Semester4_Game/Content/Textures/rightClickEffectTexture.uasset" 180
"../../../../../../Gamedev/GitHub/Semester4_Game/Content/Material/rightClick_MAT.uasset" 181
"../../../../../../Gamedev/GitHub/Semester4_Game/Content/StarterContent/Materials/M_Basic_Wall.uasset" 182
"../../../../../../Gamedev/GitHub/Semester4_Game/Content/StarterContent/Shapes/Shape_Plane.uasset" 183
"../../../../../../Gamedev/GitHub/Semester4_Game/Content/Effects/rightClickEffect.uasset" 184
"../../../../../../Gamedev/GitHub/Semester4_Game/Content/Skill/Skill1/Texture/explode_circle.uasset" 185
"../../../../../../Gamedev/GitHub/Semester4_Game/Content/Skill/Skill1/MAT/Exp.uasset" 186
"../../../../../../Gamedev/GitHub/Semester4_Game/Content/Skill/Skill1/Texture/flash.uasset" 187
"../../../../../../Gamedev/GitHub/Semester4_Game/Content/Skill/Skill1/MAT/Flash.uasset" 188
"../../../../../../Gamedev/GitHub/Semester4_Game/Content/Skill/Skill1/Partical/Explosion.uasset" 189
"../../../../../../Gamedev/GitHub/Semester4_Game/Content/Skill/Skill1/BP/ExplodeSkill_BP.uasset" 190
"../../../../../../Gamedev/GitHub/Semester4_Game/Content/Blueprint/MyHUD.uasset" 191
"../../../../../../Gamedev/GitHub/Semester4_Game/Content/Textures/Kachujin_diffuse.uasset" 192
"../../../../../../Gamedev/GitHub/Semester4_Game/Content/Textures/Kachujin_normal.uasset" 193
"../../../../../../Gamedev/GitHub/Semester4_Game/Content/Textures/Kachujin_specular.uasset" 194
"../../../../../../Gamedev/GitHub/Semester4_Game/Content/Material/kachujin_MAT.uasset" 195
"../../../../../../Gamedev/GitHub/Semester4_Game/Content/Characters/Idle_PhysicsAsset.uasset" 196
"../../../../../../Gamedev/GitHub/Semester4_Game/Content/Characters/Idle.uasset" 197
"../../../../../../Gamedev/GitHub/Semester4_Game/Content/Characters/MainCharacter_BP.uasset" 198
"../../../../../../Gamedev/GitHub/Semester4_Game/Content/Characters/MainCharacter_BP_Ally.uasset" 199
"../../../Engine/Content/EngineSky/C_Sky_Cloud_Color.uasset" 200
"../../../Engine/Content/EngineSky/C_Sky_Horizon_Color.uasset" 201
"../../../Engine/Content/EngineSky/C_Sky_Zenith_Color.uasset" 202
"../../../Engine/Content/EngineSky/T_Sky_Blue.uasset" 203
"../../../Engine/Content/EngineSky/T_Sky_Clouds_M.uasset" 204
"../../../Engine/Content/EngineSky/T_Sky_Stars.uasset" 205
"../../../Engine/Content/EngineSky/M_Sky_Panning_Clouds2.uasset" 206
"../../../Engine/Content/EngineSky/SM_SkySphere.uasset" 207
"../../../Engine/Content/EngineSky/BP_Sky_Sphere.uasset" 208
"../../../../../../Gamedev/GitHub/Semester4_Game/Content/Blueprint/MyGamemode.uasset" 209
"../../../../../../Gamedev/GitHub/Semester4_Game/Content/Blueprint/SkyBoxNew.uasset" 210
"../../../Engine/Content/Functions/Engine_MaterialFunctions01/WorldPositionOffset/SimpleGrassWind.uasset" 211
"../../../../../../Gamedev/GitHub/Semester4_Game/Content/Textures/TreeLeaf_02_Opacity.uasset" 212
"../../../../../../Gamedev/GitHub/Semester4_Game/Content/Material/Environment/M_LeafMaster.uasset" 213
"../../../../../../Gamedev/GitHub/Semester4_Game/Content/Textures/FlowerA_Albedo.uasset" 214
"../../../../../../Gamedev/GitHub/Semester4_Game/Content/Textures/FlowerA_Opacity.uasset" 215
"../../../../../../Gamedev/GitHub/Semester4_Game/Content/Material/Environment/M_FlowerA_Inst.uasset" 216
"../../../../../../Gamedev/GitHub/Semester4_Game/Content/Models/Environment/FlowerA.uasset" 217
"../../../../../../Gamedev/GitHub/Semester4_Game/Content/Prefabs/Item_FlowerA_BP.uasset" 218
"../../../../../../Gamedev/GitHub/Semester4_Game/Content/Levels/PrototypeDemo_BuiltData.uasset" 219
"../../../../../../Gamedev/GitHub/Semester4_Game/Content/Development/Blockout/Materials/M_Blockout.uasset" 220
"../../../../../../Gamedev/GitHub/Semester4_Game/Content/Development/Blockout/Materials/M_BlockoutBuilding_Inst.uasset" 221
"../../../Engine/Content/Functions/Engine_MaterialFunctions01/AlphaBlend/WorldAlignedBlend.uasset" 222
"../../../../../../Gamedev/GitHub/Semester4_Game/Content/StarterContent/Textures/T_Ground_Grass_D.uasset" 223
"../../../../../../Gamedev/GitHub/Semester4_Game/Content/StarterContent/Textures/T_Ground_Grass_N.uasset" 224
"../../../../../../Gamedev/GitHub/Semester4_Game/Content/StarterContent/Textures/T_Perlin_Noise_M.uasset" 225
"../../../../../../Gamedev/GitHub/Semester4_Game/Content/Material/Environment/M_LandscapeGrass.uasset" 226
"../../../../../../Gamedev/GitHub/Semester4_Game/Content/StarterContent/Textures/T_Ground_Gravel_D.uasset" 227
"../../../../../../Gamedev/GitHub/Semester4_Game/Content/StarterContent/Textures/T_Ground_Gravel_N.uasset" 228
"../../../../../../Gamedev/GitHub/Semester4_Game/Content/Material/Environment/M_LandscapeGravel.uasset" 229
"../../../../../../Gamedev/GitHub/Semester4_Game/Content/StarterContent/Textures/T_ground_Moss_D.uasset" 230
"../../../../../../Gamedev/GitHub/Semester4_Game/Content/StarterContent/Textures/T_Ground_Moss_N.uasset" 231
"../../../../../../Gamedev/GitHub/Semester4_Game/Content/Material/Environment/M_LandscapeMoss.uasset" 232
"../../../../../../Gamedev/GitHub/Semester4_Game/Content/StarterContent/Textures/T_Rock_Sandstone_D.uasset" 233
"../../../../../../Gamedev/GitHub/Semester4_Game/Content/StarterContent/Textures/T_Rock_Sandstone_N.uasset" 234
"../../../../../../Gamedev/GitHub/Semester4_Game/Content/Material/Environment/M_LandscapeSandstone.uasset" 235
"../../../../../../Gamedev/GitHub/Semester4_Game/Content/Material/Environment/M_Landscape.uasset" 236
"../../../../../../Gamedev/GitHub/Semester4_Game/Content/Material/Environment/M_Landscape_Inst.uasset" 237
"../../../../../../Gamedev/GitHub/Semester4_Game/Content/Material/PPCelShader/Core/PP_Diffusion.uasset" 238
"../../../../../../Gamedev/GitHub/Semester4_Game/Content/Material/PPCelShader/PP_Diffusion_Inst.uasset" 239
"../../../Engine/Content/Functions/Engine_MaterialFunctions01/Gradient/LinearGradient.uasset" 240
"../../../../../../Gamedev/GitHub/Semester4_Game/Content/Material/PPCelShader/CLUT/T_ShadowCLUT1.uasset" 241
"../../../../../../Gamedev/GitHub/Semester4_Game/Content/Material/PPCelShader/Core/PP_CelShaderNoOutline.uasset" 242
"../../../../../../Gamedev/GitHub/Semester4_Game/Content/Material/PPCelShader/PPI_CelShaderNoOutline.uasset" 243
"../../../../../../Gamedev/GitHub/Semester4_Game/Content/Material/PPOcclusionRendering/PP_OutlineOcclusionRendering.uasset" 244
"../../../../../../Gamedev/GitHub/Semester4_Game/Content/Material/PPOcclusionRendering/PPI_OutlineOcclusionRendering.uasset" 245
"../../../Engine/Content/EngineMaterials/DefaultPhysicalMaterial.uasset" 246
"../../../Engine/Content/MapTemplates/Sky/DaylightAmbientCubemap.uasset" 247
"../../../../../../Gamedev/GitHub/Semester4_Game/Content/Development/Blockout/Materials/M_BlockoutPlants_Inst.uasset" 248
"../../../../../../Gamedev/GitHub/Semester4_Game/Content/Development/Blockout/Models/Cone_Brush_StaticMesh.uasset" 249
"../../../../../../Gamedev/GitHub/Semester4_Game/Content/Textures/Bush01_Albedo.uasset" 250
"../../../../../../Gamedev/GitHub/Semester4_Game/Content/Textures/Bush01_Opacity.uasset" 251
"../../../../../../Gamedev/GitHub/Semester4_Game/Content/Material/Environment/M_Bush01_Inst.uasset" 252
"../../../../../../Gamedev/GitHub/Semester4_Game/Content/Models/Environment/Bush01_Plane015.uasset" 253
"../../../Engine/Content/Functions/Engine_MaterialFunctions02/Texturing/ScreenAlignedPixelToPixelUVs.uasset" 254
"../../../Engine/Content/EngineMaterials/Good64x64TilingNoiseHighFreq.uasset" 255
"../../../Engine/Content/Functions/Engine_MaterialFunctions02/Utility/DitherTemporalAA.uasset" 256
"../../../../../../Gamedev/GitHub/Semester4_Game/Content/Textures/T_Grass_alpha.uasset" 257
"../../../../../../Gamedev/GitHub/Semester4_Game/Content/Material/Environment/M_Grass01.uasset" 258
"../../../../../../Gamedev/GitHub/Semester4_Game/Content/Material/Environment/M_Grass01_Inst.uasset" 259
"../../../../../../Gamedev/GitHub/Semester4_Game/Content/Models/Environment/Grass01.uasset" 260
"../../../../../../Gamedev/GitHub/Semester4_Game/Content/Material/Environment/M_TreeWood_02.uasset" 261
"../../../../../../Gamedev/GitHub/Semester4_Game/Content/Models/Environment/Log01_Cylinder006.uasset" 262
"../../../../../../Gamedev/GitHub/Semester4_Game/Content/Material/Environment/M_Rock_01.uasset" 263
"../../../../../../Gamedev/GitHub/Semester4_Game/Content/Models/Environment/Rock01_GeoSphere007.uasset" 264
"../../../../../../Gamedev/GitHub/Semester4_Game/Content/Models/Environment/Rock02_GeoSphere006.uasset" 265
"../../../../../../Gamedev/GitHub/Semester4_Game/Content/Models/Environment/Rock03_GeoSphere008.uasset" 266
"../../../../../../Gamedev/GitHub/Semester4_Game/Content/Material/Environment/M_TreeLeaf01_Inst.uasset" 267
"../../../../../../Gamedev/GitHub/Semester4_Game/Content/Models/Environment/Tree01.uasset" 268
"../../../../../../Gamedev/GitHub/Semester4_Game/Content/Textures/TreeLeaf_01_Opacity.uasset" 269
"../../../../../../Gamedev/GitHub/Semester4_Game/Content/Material/Environment/M_TreeLeaf02_Inst.uasset" 270
"../../../../../../Gamedev/GitHub/Semester4_Game/Content/Models/Environment/Tree02.uasset" 271
"../../../../../../Gamedev/GitHub/Semester4_Game/Content/Models/Environment/Tree03.uasset" 272
"../../../../../../Gamedev/GitHub/Semester4_Game/Content/Textures/TreeLeaf05_Albedo.uasset" 273
"../../../../../../Gamedev/GitHub/Semester4_Game/Content/Textures/TreeLeaf05_Opacity.uasset" 274
"../../../../../../Gamedev/GitHub/Semester4_Game/Content/Material/Environment/M_TreeLeaf03_Inst.uasset" 275
"../../../../../../Gamedev/GitHub/Semester4_Game/Content/Models/Environment/Tree04.uasset" 276
"../../../../../../Gamedev/GitHub/Semester4_Game/Content/Textures/TreeLeaf04_Albedo.uasset" 277
"../../../../../../Gamedev/GitHub/Semester4_Game/Content/Textures/TreeLeaf04_Opacity.uasset" 278
"../../../../../../Gamedev/GitHub/Semester4_Game/Content/Material/Environment/M_TreeLeaf04_Inst.uasset" 279
"../../../../../../Gamedev/GitHub/Semester4_Game/Content/Models/Environment/Tree05.uasset" 280
"../../../../../../Gamedev/GitHub/Semester4_Game/Content/Textures/TreeLeaf06_Albedo.uasset" 281
"../../../../../../Gamedev/GitHub/Semester4_Game/Content/Textures/TreeLeaf06_Opacity.uasset" 282
"../../../../../../Gamedev/GitHub/Semester4_Game/Content/Material/Environment/M_TreeLeaf05_Inst.uasset" 283
"../../../../../../Gamedev/GitHub/Semester4_Game/Content/Models/Environment/Tree06.uasset" 284
"../../../../../../Gamedev/GitHub/Semester4_Game/Content/Material/Environment/M_TreeLeaf05_Inst2.uasset" 285
"../../../../../../Gamedev/GitHub/Semester4_Game/Content/Models/Environment/Tree06B.uasset" 286
"../../../../../../Gamedev/GitHub/Semester4_Game/Content/Textures/tNoise.uasset" 287
"../../../../../../Gamedev/GitHub/Semester4_Game/Content/Textures/WaterAnimatedFoamline_Alpha.uasset" 288
"../../../../../../Gamedev/GitHub/Semester4_Game/Content/Material/Environment/StylizedWater.uasset" 289
"../../../../../../Gamedev/GitHub/Semester4_Game/Content/Material/Environment/StylizedWater_Inst.uasset" 290
"../../../../../../Gamedev/GitHub/Semester4_Game/Content/Models/Environment/WaterPond.uasset" 291
"../../../../../../Gamedev/GitHub/Semester4_Game/Content/Levels/PrototypeDemo.umap" 292
"../../../Engine/Content/Maps/Entry_BuiltData.uasset" 293
"../../../Engine/Content/Maps/Entry.umap" 294
